Frederich Stine - EN 605.617 - JHU EP
----------------------------------------------------------------
Example runner to show execution of FIR FFT project
----------------------------------------------------------------
 This runner demonstrates a running the FIR FFT project on three different
 audio files with two different FIR filters. This runner shows the performance
 differences between the CPU and GPU implementations of the algorithms
 This runner does this with two different FFT sizes.

 You can pause execution at any time and listen to the resulting audio and view
 the resulting FFT files.

Press enter to continue:
CPU FIR and FFT - 440Hz 5Sec - FFT Size 1024 - bandstop
----- Wav Info -----
ChunkSize: 444516
SubChunkSize: 16
AudioFormat: 1
NumChannels: 1
SampleRate: 44100
ByteRate: 88200
BlockAlign: 2
BitsPerSample: 16
SubChunk2Size 16

CPU FIR Runtime: 1.297875s
CPU FFT Runtime: 0.008923s
CPU FFT Runtime: 0.008430s
Press enter to continue:
GPU FIR and FFT - 440Hz 5Sec - FFT Size 1024 - bandstop
----- Wav Info -----
ChunkSize: 444516
SubChunkSize: 16
AudioFormat: 1
NumChannels: 1
SampleRate: 44100
ByteRate: 88200
BlockAlign: 2
BitsPerSample: 16
SubChunk2Size 16

GPU FIR Runtime: 0.009123s
GPU FFT Runtime: 0.005477s
GPU FFT Runtime: 0.005185s
Press enter to continue:
CPU FIR and FFT - 440Hz 5Sec - FFT Size 4096 - bandstop
----- Wav Info -----
ChunkSize: 444516
SubChunkSize: 16
AudioFormat: 1
NumChannels: 1
SampleRate: 44100
ByteRate: 88200
BlockAlign: 2
BitsPerSample: 16
SubChunk2Size 16

CPU FIR Runtime: 1.309172s
CPU FFT Runtime: 0.007816s
CPU FFT Runtime: 0.007144s
Press enter to continue:
GPU FIR and FFT - 440Hz 5Sec - FFT Size 4096 - bandstop
----- Wav Info -----
ChunkSize: 444516
SubChunkSize: 16
AudioFormat: 1
NumChannels: 1
SampleRate: 44100
ByteRate: 88200
BlockAlign: 2
BitsPerSample: 16
SubChunk2Size 16

GPU FIR Runtime: 0.008912s
GPU FFT Runtime: 0.002098s
GPU FFT Runtime: 0.002023s
Press enter to continue:
CPU FIR and FFT - 440Hz 5Sec - FFT Size 1024 - highpass
----- Wav Info -----
ChunkSize: 444516
SubChunkSize: 16
AudioFormat: 1
NumChannels: 1
SampleRate: 44100
ByteRate: 88200
BlockAlign: 2
BitsPerSample: 16
SubChunk2Size 16

CPU FIR Runtime: 0.308226s
CPU FFT Runtime: 0.008993s
CPU FFT Runtime: 0.008722s
Press enter to continue:
GPU FIR and FFT - 440Hz 5Sec - FFT Size 1024 - highpass
----- Wav Info -----
ChunkSize: 444516
SubChunkSize: 16
AudioFormat: 1
NumChannels: 1
SampleRate: 44100
ByteRate: 88200
BlockAlign: 2
BitsPerSample: 16
SubChunk2Size 16

GPU FIR Runtime: 0.004594s
GPU FFT Runtime: 0.005559s
GPU FFT Runtime: 0.005216s
Press enter to continue:
CPU FIR and FFT - 440Hz 5Sec - FFT Size 4096 - highpass
----- Wav Info -----
ChunkSize: 444516
SubChunkSize: 16
AudioFormat: 1
NumChannels: 1
SampleRate: 44100
ByteRate: 88200
BlockAlign: 2
BitsPerSample: 16
SubChunk2Size 16

CPU FIR Runtime: 0.310197s
CPU FFT Runtime: 0.007915s
CPU FFT Runtime: 0.007466s
Press enter to continue:
GPU FIR and FFT - 440Hz 5Sec - FFT Size 4096 - highpass
----- Wav Info -----
ChunkSize: 444516
SubChunkSize: 16
AudioFormat: 1
NumChannels: 1
SampleRate: 44100
ByteRate: 88200
BlockAlign: 2
BitsPerSample: 16
SubChunk2Size 16

GPU FIR Runtime: 0.004768s
GPU FFT Runtime: 0.002848s
GPU FFT Runtime: 0.002089s
Press enter to continue:
CPU FIR and FFT - 440Hz 30Sec - FFT Size 1024 - bandstop
----- Wav Info -----
ChunkSize: 2649516
SubChunkSize: 16
AudioFormat: 1
NumChannels: 1
SampleRate: 44100
ByteRate: 88200
BlockAlign: 2
BitsPerSample: 16
SubChunk2Size 16

CPU FIR Runtime: 7.800830s
CPU FFT Runtime: 0.050463s
CPU FFT Runtime: 0.050539s
Press enter to continue:
GPU FIR and FFT - 440Hz 30Sec - FFT Size 1024 - bandstop
----- Wav Info -----
ChunkSize: 2649516
SubChunkSize: 16
AudioFormat: 1
NumChannels: 1
SampleRate: 44100
ByteRate: 88200
BlockAlign: 2
BitsPerSample: 16
SubChunk2Size 16

GPU FIR Runtime: 0.051506s
GPU FFT Runtime: 0.031009s
GPU FFT Runtime: 0.031057s
Press enter to continue:
CPU FIR and FFT - 440Hz 30Sec - FFT Size 4096 - bandstop
----- Wav Info -----
ChunkSize: 2649516
SubChunkSize: 16
AudioFormat: 1
NumChannels: 1
SampleRate: 44100
ByteRate: 88200
BlockAlign: 2
BitsPerSample: 16
SubChunk2Size 16

CPU FIR Runtime: 7.722462s
CPU FFT Runtime: 0.042657s
CPU FFT Runtime: 0.042317s
Press enter to continue:
GPU FIR and FFT - 440Hz 30Sec - FFT Size 4096 - bandstop
----- Wav Info -----
ChunkSize: 2649516
SubChunkSize: 16
AudioFormat: 1
NumChannels: 1
SampleRate: 44100
ByteRate: 88200
BlockAlign: 2
BitsPerSample: 16
SubChunk2Size 16

GPU FIR Runtime: 0.051367s
GPU FFT Runtime: 0.011817s
GPU FFT Runtime: 0.011776s
Press enter to continue:
CPU FIR and FFT - 440Hz 30Sec - FFT Size 1024 - highpass
----- Wav Info -----
ChunkSize: 2649516
SubChunkSize: 16
AudioFormat: 1
NumChannels: 1
SampleRate: 44100
ByteRate: 88200
BlockAlign: 2
BitsPerSample: 16
SubChunk2Size 16

CPU FIR Runtime: 1.821602s
CPU FFT Runtime: 0.050885s
CPU FFT Runtime: 0.051458s
Press enter to continue:
GPU FIR and FFT - 440Hz 30Sec - FFT Size 1024 - highpass
----- Wav Info -----
ChunkSize: 2649516
SubChunkSize: 16
AudioFormat: 1
NumChannels: 1
SampleRate: 44100
ByteRate: 88200
BlockAlign: 2
BitsPerSample: 16
SubChunk2Size 16

GPU FIR Runtime: 0.023274s
GPU FFT Runtime: 0.028875s
GPU FFT Runtime: 0.029013s
Press enter to continue:
CPU FIR and FFT - 440Hz 30Sec - FFT Size 4096 - highpass
----- Wav Info -----
ChunkSize: 2649516
SubChunkSize: 16
AudioFormat: 1
NumChannels: 1
SampleRate: 44100
ByteRate: 88200
BlockAlign: 2
BitsPerSample: 16
SubChunk2Size 16

CPU FIR Runtime: 1.820920s
CPU FFT Runtime: 0.042724s
CPU FFT Runtime: 0.043398s
Press enter to continue:
GPU FIR and FFT - 440Hz 30Sec - FFT Size 4096 - highpass
----- Wav Info -----
ChunkSize: 2649516
SubChunkSize: 16
AudioFormat: 1
NumChannels: 1
SampleRate: 44100
ByteRate: 88200
BlockAlign: 2
BitsPerSample: 16
SubChunk2Size 16

GPU FIR Runtime: 0.022180s
GPU FFT Runtime: 0.010793s
GPU FFT Runtime: 0.010577s
Press enter to continue:
CPU FIR and FFT - Cantina Band 60s - FFT Size 1024 - bandstop
----- Wav Info -----
ChunkSize: 2646036
SubChunkSize: 16
AudioFormat: 1
NumChannels: 1
SampleRate: 22050
ByteRate: 44100
BlockAlign: 2
BitsPerSample: 16
SubChunk2Size 16

CPU FIR Runtime: 7.712869s
CPU FFT Runtime: 0.051311s
CPU FFT Runtime: 0.050963s
Press enter to continue:
GPU FIR and FFT - Cantina Band 60s - FFT Size 1024 - bandstop
----- Wav Info -----
ChunkSize: 2646036
SubChunkSize: 16
AudioFormat: 1
NumChannels: 1
SampleRate: 22050
ByteRate: 44100
BlockAlign: 2
BitsPerSample: 16
SubChunk2Size 16

GPU FIR Runtime: 0.048160s
GPU FFT Runtime: 0.027981s
GPU FFT Runtime: 0.028111s
Press enter to continue:
CPU FIR and FFT - Cantina Band 60s - FFT Size 4096 - bandstop
----- Wav Info -----
ChunkSize: 2646036
SubChunkSize: 16
AudioFormat: 1
NumChannels: 1
SampleRate: 22050
ByteRate: 44100
BlockAlign: 2
BitsPerSample: 16
SubChunk2Size 16

CPU FIR Runtime: 7.749481s
CPU FFT Runtime: 0.043708s
CPU FFT Runtime: 0.042841s
Press enter to continue:
GPU FIR and FFT - Cantina Band 60s - FFT Size 4096 - bandstop
----- Wav Info -----
ChunkSize: 2646036
SubChunkSize: 16
AudioFormat: 1
NumChannels: 1
SampleRate: 22050
ByteRate: 44100
BlockAlign: 2
BitsPerSample: 16
SubChunk2Size 16

GPU FIR Runtime: 0.046336s
GPU FFT Runtime: 0.010619s
GPU FFT Runtime: 0.010711s
Press enter to continue:
CPU FIR and FFT - Cantina Band 60s - FFT Size 1024 - highpass
----- Wav Info -----
ChunkSize: 2646036
SubChunkSize: 16
AudioFormat: 1
NumChannels: 1
SampleRate: 22050
ByteRate: 44100
BlockAlign: 2
BitsPerSample: 16
SubChunk2Size 16

CPU FIR Runtime: 1.820880s
CPU FFT Runtime: 0.051774s
CPU FFT Runtime: 0.051296s
Press enter to continue:
GPU FIR and FFT - Cantina Band 60s - FFT Size 1024 - highpass
----- Wav Info -----
ChunkSize: 2646036
SubChunkSize: 16
AudioFormat: 1
NumChannels: 1
SampleRate: 22050
ByteRate: 44100
BlockAlign: 2
BitsPerSample: 16
SubChunk2Size 16

GPU FIR Runtime: 0.024531s
GPU FFT Runtime: 0.030770s
GPU FFT Runtime: 0.030762s
Press enter to continue:
CPU FIR and FFT - Cantina Band 60s - FFT Size 4096 - highpass
----- Wav Info -----
ChunkSize: 2646036
SubChunkSize: 16
AudioFormat: 1
NumChannels: 1
SampleRate: 22050
ByteRate: 44100
BlockAlign: 2
BitsPerSample: 16
SubChunk2Size 16

CPU FIR Runtime: 1.817679s
CPU FFT Runtime: 0.043454s
CPU FFT Runtime: 0.042938s
Press enter to continue:
GPU FIR and FFT - Cantina Band 60s - FFT Size 4096 - highpass
----- Wav Info -----
ChunkSize: 2646036
SubChunkSize: 16
AudioFormat: 1
NumChannels: 1
SampleRate: 22050
ByteRate: 44100
BlockAlign: 2
BitsPerSample: 16
SubChunk2Size 16

GPU FIR Runtime: 0.022737s
GPU FFT Runtime: 0.010996s
GPU FFT Runtime: 0.010766s
